  CAnimData.cpp
C:\Users\psh95\OneDrive\바탕 화면\상현\공부\Game Programing\D2D_Game\D2D_Game\D2D_Game\CAnimData.cpp(15,22): warning C4018: '<': signed 또는 unsigned가 일치하지 않습니다.
  CMotion.cpp
C:\Users\psh95\OneDrive\바탕 화면\상현\공부\Game Programing\D2D_Game\D2D_Game\D2D_Game\CMotion.cpp(12,22): warning C4018: '<': signed 또는 unsigned가 일치하지 않습니다.
  CMyMain.cpp
C:\Users\psh95\OneDrive\바탕 화면\상현\공부\Game Programing\D2D_Game\D2D_Game\D2D_Game\SpawnPos.h(51,38): warning C4244: '=': 'FLOAT'에서 'int'(으)로 변환하면서 데이터가 손실될 수 있습니다.
C:\Users\psh95\OneDrive\바탕 화면\상현\공부\Game Programing\D2D_Game\D2D_Game\D2D_Game\SpawnPos.h(52,38): warning C4244: '=': 'FLOAT'에서 'int'(으)로 변환하면서 데이터가 손실될 수 있습니다.
C:\Users\psh95\OneDrive\바탕 화면\상현\공부\Game Programing\D2D_Game\D2D_Game\D2D_Game\SpawnPos.h(53,27): warning C4244: '=': 'float'에서 'int'(으)로 변환하면서 데이터가 손실될 수 있습니다.
C:\Users\psh95\OneDrive\바탕 화면\상현\공부\Game Programing\D2D_Game\D2D_Game\D2D_Game\SpawnPos.h(54,27): warning C4244: '=': 'float'에서 'int'(으)로 변환하면서 데이터가 손실될 수 있습니다.
C:\Users\psh95\OneDrive\바탕 화면\상현\공부\Game Programing\D2D_Game\D2D_Game\D2D_Game\CPtcEmitter.h(28,22): warning C4244: '초기화 중': 'float'에서 'DWORD'(으)로 변환하면서 데이터가 손실될 수 있습니다.
C:\Users\psh95\OneDrive\바탕 화면\상현\공부\Game Programing\D2D_Game\D2D_Game\D2D_Game\CPtcEmitter.h(29,21): warning C4244: '초기화 중': 'float'에서 'DWORD'(으)로 변환하면서 데이터가 손실될 수 있습니다.
C:\Users\psh95\OneDrive\바탕 화면\상현\공부\Game Programing\D2D_Game\D2D_Game\D2D_Game\CMyMain.cpp(361,22): warning C4018: '<': signed 또는 unsigned가 일치하지 않습니다.
C:\Users\psh95\OneDrive\바탕 화면\상현\공부\Game Programing\D2D_Game\D2D_Game\D2D_Game\CMyMain.cpp(454,16): warning C4244: '=': 'int'에서 'float'(으)로 변환하면서 데이터가 손실될 수 있습니다.
C:\Users\psh95\OneDrive\바탕 화면\상현\공부\Game Programing\D2D_Game\D2D_Game\D2D_Game\CMyMain.cpp(506,23): warning C4018: '<': signed 또는 unsigned가 일치하지 않습니다.
C:\Users\psh95\OneDrive\바탕 화면\상현\공부\Game Programing\D2D_Game\D2D_Game\D2D_Game\CMyMain.cpp(529,17): warning C4244: '=': 'int'에서 'float'(으)로 변환하면서 데이터가 손실될 수 있습니다.
C:\Users\psh95\OneDrive\바탕 화면\상현\공부\Game Programing\D2D_Game\D2D_Game\D2D_Game\CMyMain.cpp(530,17): warning C4244: '=': 'int'에서 'float'(으)로 변환하면서 데이터가 손실될 수 있습니다.
C:\Users\psh95\OneDrive\바탕 화면\상현\공부\Game Programing\D2D_Game\D2D_Game\D2D_Game\CMyMain.cpp(549,41): warning C4244: '=': 'float'에서 'int'(으)로 변환하면서 데이터가 손실될 수 있습니다.
C:\Users\psh95\OneDrive\바탕 화면\상현\공부\Game Programing\D2D_Game\D2D_Game\D2D_Game\CMyMain.cpp(550,41): warning C4244: '=': 'float'에서 'int'(으)로 변환하면서 데이터가 손실될 수 있습니다.
  D2D_Game.cpp
  코드를 생성하고 있습니다...
  D2D_Game.vcxproj -> C:\Users\psh95\OneDrive\바탕 화면\상현\공부\Game Programing\D2D_Game\D2D_Game\Debug\D2D_Game.exe
